[debug] [2020-07-02T23:24:07.298Z] ----------------------------------------------------------------------
[debug] [2020-07-02T23:24:07.305Z] Command:       C:\Program Files\nodejs\node.exe C:\Users\Asmaa Mostafa\AppData\Roaming\npm\node_modules\firebase-tools\lib\bin\firebase.js deploy
[debug] [2020-07-02T23:24:07.306Z] CLI Version:   8.4.3
[debug] [2020-07-02T23:24:07.306Z] Platform:      win32
[debug] [2020-07-02T23:24:07.307Z] Node Version:  v12.13.1
[debug] [2020-07-02T23:24:07.310Z] Time:          Fri Jul 03 2020 01:24:07 GMT+0200 (Eastern European Standard Time)
[debug] [2020-07-02T23:24:07.312Z] ----------------------------------------------------------------------
[debug] [2020-07-02T23:24:07.312Z] 
[debug] [2020-07-02T23:24:07.337Z] > command requires scopes: ["email","openid","https://www.googleapis.com/auth/cloudplatformprojects.readonly","https://www.googleapis.com/auth/firebase","https://www.googleapis.com/auth/cloud-platform"]
[debug] [2020-07-02T23:24:07.339Z] > authorizing via signed-in user
[debug] [2020-07-02T23:24:07.340Z] [iam] checking project form-8e8af for permissions ["firebase.projects.get","firebasehosting.sites.update","firebaserules.releases.create","firebaserules.releases.update","firebaserules.rulesets.create"]
[debug] [2020-07-02T23:24:07.349Z] >>> HTTP REQUEST POST https://cloudresourcemanager.googleapis.com/v1/projects/form-8e8af:testIamPermissions  
 {"permissions":["firebase.projects.get","firebasehosting.sites.update","firebaserules.releases.create","firebaserules.releases.update","firebaserules.rulesets.create"]}
[debug] [2020-07-02T23:24:08.324Z] <<< HTTP RESPONSE 200 {"content-type":"application/json; charset=UTF-8","vary":"X-Origin, Referer, Origin,Accept-Encoding","date":"Thu, 02 Jul 2020 23:24:07 GMT","server":"ESF","cache-control":"private","x-xss-protection":"0","x-frame-options":"SAMEORIGIN","x-content-type-options":"nosniff","server-timing":"gfet4t7; dur=663","alt-svc":"h3-27=\":443\"; ma=2592000,h3-25=\":443\"; ma=2592000,h3-T050=\":443\"; ma=2592000,h3-Q050=\":443\"; ma=2592000,h3-Q046=\":443\"; ma=2592000,h3-Q043=\":443\"; ma=2592000,quic=\":443\"; ma=2592000; v=\"46,43\"","accept-ranges":"none","transfer-encoding":"chunked"}
[debug] [2020-07-02T23:24:08.329Z] >>> HTTP REQUEST GET https://firebase.googleapis.com/v1beta1/projects/form-8e8af  
 
[debug] [2020-07-02T23:24:08.663Z] <<< HTTP RESPONSE 200 {"content-type":"application/json; charset=UTF-8","vary":"X-Origin, Referer, Origin,Accept-Encoding","date":"Thu, 02 Jul 2020 23:24:08 GMT","server":"ESF","cache-control":"private","x-xss-protection":"0","x-frame-options":"SAMEORIGIN","x-content-type-options":"nosniff","alt-svc":"h3-29=\":443\"; ma=2592000,h3-27=\":443\"; ma=2592000,h3-25=\":443\"; ma=2592000,h3-T050=\":443\"; ma=2592000,h3-Q050=\":443\"; ma=2592000,h3-Q046=\":443\"; ma=2592000,h3-Q043=\":443\"; ma=2592000,quic=\":443\"; ma=2592000; v=\"46,43\"","accept-ranges":"none","transfer-encoding":"chunked"}
[info] 
[info] === Deploying to 'form-8e8af'...
[info] 
[info] i  deploying storage, hosting 
[debug] [2020-07-02T23:24:08.728Z] >>> HTTP REQUEST GET https://appengine.googleapis.com/v1/apps/form-8e8af  
 
[debug] [2020-07-02T23:24:09.780Z] <<< HTTP RESPONSE 500 {"vary":"X-Origin, Referer, Origin,Accept-Encoding","content-type":"application/json; charset=UTF-8","date":"Thu, 02 Jul 2020 23:24:09 GMT","server":"ESF","cache-control":"private","x-xss-protection":"0","x-frame-options":"SAMEORIGIN","x-content-type-options":"nosniff","alt-svc":"h3-27=\":443\"; ma=2592000,h3-25=\":443\"; ma=2592000,h3-T050=\":443\"; ma=2592000,h3-Q050=\":443\"; ma=2592000,h3-Q046=\":443\"; ma=2592000,h3-Q043=\":443\"; ma=2592000,quic=\":443\"; ma=2592000; v=\"46,43\"","accept-ranges":"none","transfer-encoding":"chunked"}
[debug] [2020-07-02T23:24:09.781Z] <<< HTTP RESPONSE BODY {"error":{"code":500,"message":"Internal error encountered.","status":"INTERNAL"}}
[info] 

There was an issue deploying your functions. Verify that your project has a Google App Engine instance setup at https://console.cloud.google.com/appengine and try again. If this issue persists, please contact support.
[error] 
[error] Error: HTTP Error: 500, Internal error encountered.
[debug] [2020-07-02T23:24:10.037Z] Error Context: {
  "body": {
    "error": {
      "code": 500,
      "message": "Internal error encountered.",
      "status": "INTERNAL"
    }
  },
  "response": {
    "statusCode": 500,
    "body": {
      "error": {
        "code": 500,
        "message": "Internal error encountered.",
        "status": "INTERNAL"
      }
    },
    "headers": {
      "vary": "X-Origin, Referer, Origin,Accept-Encoding",
      "content-type": "application/json; charset=UTF-8",
      "date": "Thu, 02 Jul 2020 23:24:09 GMT",
      "server": "ESF",
      "cache-control": "private",
      "x-xss-protection": "0",
      "x-frame-options": "SAMEORIGIN",
      "x-content-type-options": "nosniff",
      "alt-svc": "h3-27=\":443\"; ma=2592000,h3-25=\":443\"; ma=2592000,h3-T050=\":443\"; ma=2592000,h3-Q050=\":443\"; ma=2592000,h3-Q046=\":443\"; ma=2592000,h3-Q043=\":443\"; ma=2592000,quic=\":443\"; ma=2592000; v=\"46,43\"",
      "accept-ranges": "none",
      "transfer-encoding": "chunked"
    },
    "request": {
      "uri": {
        "protocol": "https:",
        "slashes": true,
        "auth": null,
        "host": "appengine.googleapis.com",
        "port": 443,
        "hostname": "appengine.googleapis.com",
        "hash": null,
        "search": null,
        "query": null,
        "pathname": "/v1/apps/form-8e8af",
        "path": "/v1/apps/form-8e8af",
        "href": "https://appengine.googleapis.com/v1/apps/form-8e8af"
      },
      "method": "GET"
    }
  }
}
